0 info it worked if it ends with ok
1 verbose cli [ '/usr/local/Cellar/node/7.4.0/bin/node',
1 verbose cli   '/usr/local/bin/npm',
1 verbose cli   'run',
1 verbose cli   'start:dev' ]
2 info using npm@2.15.0
3 info using node@v4.4.2
4 verbose run-script [ 'prestart:dev', 'start:dev', 'poststart:dev' ]
5 info prestart:dev myuser-ui@0.0.22
6 info start:dev myuser-ui@0.0.22
7 verbose unsafe-perm in lifecycle true
8 info myuser-ui@0.0.22 Failed to exec start:dev script
9 verbose stack Error: myuser-ui@0.0.22 start:dev: `cross-env NODE_ENV=development node server/development`
9 verbose stack Exit status 1
9 verbose stack     at EventEmitter.<anonymous> (/usr/local/lib/node_modules/npm/lib/utils/lifecycle.js:217:16)
9 verbose stack     at emitTwo (events.js:87:13)
9 verbose stack     at EventEmitter.emit (events.js:172:7)
9 verbose stack     at ChildProcess.<anonymous> (/usr/local/lib/node_modules/npm/lib/utils/spawn.js:24:14)
9 verbose stack     at emitTwo (events.js:87:13)
9 verbose stack     at ChildProcess.emit (events.js:172:7)
9 verbose stack     at maybeClose (internal/child_process.js:827:16)
9 verbose stack     at Process.ChildProcess._handle.onexit (internal/child_process.js:211:5)
10 verbose pkgid myuser-ui@0.0.22
11 verbose cwd /Users/matheuscosta/Desktop/projetos/miex
12 error Darwin 16.4.0
13 error argv "/usr/local/Cellar/node/7.4.0/bin/node" "/usr/local/bin/npm" "run" "start:dev"
14 error node v4.4.2
15 error npm  v2.15.0
16 error code ELIFECYCLE
17 error myuser-ui@0.0.22 start:dev: `cross-env NODE_ENV=development node server/development`
17 error Exit status 1
18 error Failed at the myuser-ui@0.0.22 start:dev script 'cross-env NODE_ENV=development node server/development'.
18 error This is most likely a problem with the myuser-ui package,
18 error not with npm itself.
18 error Tell the author that this fails on your system:
18 error     cross-env NODE_ENV=development node server/development
18 error You can get information on how to open an issue for this project with:
18 error     npm bugs myuser-ui
18 error Or if that isn't available, you can get their info via:
18 error
18 error     npm owner ls myuser-ui
18 error There is likely additional logging output above.
19 verbose exit [ 1, true ]
